# JRE version: OpenJDK Runtime Environment Microsoft-9388408 (17.0.11+9) (build 17.0.11+9-LTS)
# Java VM: OpenJDK 64-Bit Server VM Microsoft-9388408 (17.0.11+9-LTS, mixed mode, sharing, tiered, compressed oops, compressed class ptrs, g1 gc, windows-amd64)
GC Precious Log:
 CPUs: 4 total, 4 available
 Memory: 16263M
 Large Page Support: Disabled
 NUMA Support: Disabled
 Compressed Oops: Enabled (32-bit)
 Heap Region Size: 1M
 Heap Min Capacity: 8M
 Heap Initial Capacity: 256M
 Heap Max Capacity: 2G
 Pre-touch: Disabled
 Parallel Workers: 4
 Concurrent Workers: 1
 Concurrent Refinement Workers: 4
 Periodic GC: Disabled
Heap:
 garbage-first heap   total 237568K, used 142520K [0x0000000080000000, 0x0000000100000000)
  region size 1024K, 2 young (2048K), 2 survivors (2048K)
 Metaspace       used 84160K, committed 85248K, reserved 557056K
  class space    used 11789K, committed 12288K, reserved 425984K
GC Heap History (20 events):
Event: 21.318 GC heap after
{Heap after GC invocations=22 (full 0):
 garbage-first heap   total 192512K, used 55596K [0x0000000080000000, 0x0000000100000000)
  region size 1024K, 4 young (4096K), 4 survivors (4096K)
 Metaspace       used 59549K, committed 60160K, reserved 491520K
  class space    used 8367K, committed 8640K, reserved 425984K
}
Event: 22.788 GC heap before
{Heap before GC invocations=23 (full 0):
 garbage-first heap   total 192512K, used 138540K [0x0000000080000000, 0x0000000100000000)
  region size 1024K, 81 young (82944K), 4 survivors (4096K)
 Metaspace       used 67532K, committed 68224K, reserved 491520K
  class space    used 9345K, committed 9664K, reserved 425984K
}
Event: 22.803 GC heap after
{Heap after GC invocations=24 (full 0):
 garbage-first heap   total 192512K, used 69628K [0x0000000080000000, 0x0000000100000000)
  region size 1024K, 11 young (11264K), 11 survivors (11264K)
 Metaspace       used 67532K, committed 68224K, reserved 491520K
  class space    used 9345K, committed 9664K, reserved 425984K
}
Event: 24.265 GC heap before
{Heap before GC invocations=24 (full 0):
 garbage-first heap   total 192512K, used 145404K [0x0000000080000000, 0x0000000100000000)
  region size 1024K, 79 young (80896K), 11 survivors (11264K)
 Metaspace       used 73136K, committed 73920K, reserved 491520K
  class space    used 10049K, committed 10432K, reserved 425984K
}
Event: 24.279 GC heap after
{Heap after GC invocations=25 (full 0):
 garbage-first heap   total 192512K, used 76339K [0x0000000080000000, 0x0000000100000000)
  region size 1024K, 7 young (7168K), 7 survivors (7168K)
 Metaspace       used 73136K, committed 73920K, reserved 491520K
  class space    used 10049K, committed 10432K, reserved 425984K
}
Event: 34.590 GC heap before
{Heap before GC invocations=25 (full 0):
 garbage-first heap   total 192512K, used 142899K [0x0000000080000000, 0x0000000100000000)
  region size 1024K, 72 young (73728K), 7 survivors (7168K)
 Metaspace       used 76594K, committed 77376K, reserved 557056K
  class space    used 10620K, committed 11008K, reserved 425984K
}
Event: 34.604 GC heap after
{Heap after GC invocations=26 (full 0):
 garbage-first heap   total 192512K, used 82245K [0x0000000080000000, 0x0000000100000000)
  region size 1024K, 6 young (6144K), 6 survivors (6144K)
 Metaspace       used 76594K, committed 77376K, reserved 557056K
  class space    used 10620K, committed 11008K, reserved 425984K
}
Event: 35.620 GC heap before
{Heap before GC invocations=26 (full 0):
 garbage-first heap   total 192512K, used 147781K [0x0000000080000000, 0x0000000100000000)
  region size 1024K, 70 young (71680K), 6 survivors (6144K)
 Metaspace       used 80413K, committed 81216K, reserved 557056K
  class space    used 11261K, committed 11648K, reserved 425984K
}
Event: 35.640 GC heap after
{Heap after GC invocations=27 (full 0):
 garbage-first heap   total 192512K, used 89055K [0x0000000080000000, 0x0000000100000000)
  region size 1024K, 7 young (7168K), 7 survivors (7168K)
 Metaspace       used 80413K, committed 81216K, reserved 557056K
  class space    used 11261K, committed 11648K, reserved 425984K
}
Event: 36.207 GC heap before
{Heap before GC invocations=27 (full 0):
 garbage-first heap   total 192512K, used 117727K [0x0000000080000000, 0x0000000100000000)
  region size 1024K, 35 young (35840K), 7 survivors (7168K)
 Metaspace       used 81884K, committed 82752K, reserved 557056K
  class space    used 11523K, committed 11904K, reserved 425984K
}
Event: 36.222 GC heap after
{Heap after GC invocations=28 (full 0):
 garbage-first heap   total 192512K, used 96813K [0x0000000080000000, 0x0000000100000000)
  region size 1024K, 6 young (6144K), 6 survivors (6144K)
 Metaspace       used 81884K, committed 82752K, reserved 557056K
  class space    used 11523K, committed 11904K, reserved 425984K
}
Event: 37.515 GC heap before
{Heap before GC invocations=29 (full 0):
 garbage-first heap   total 192512K, used 157229K [0x0000000080000000, 0x0000000100000000)
  region size 1024K, 57 young (58368K), 6 survivors (6144K)
 Metaspace       used 83191K, committed 84224K, reserved 557056K
  class space    used 11692K, committed 12160K, reserved 425984K
}
Event: 37.534 GC heap after
{Heap after GC invocations=30 (full 0):
 garbage-first heap   total 192512K, used 121157K [0x0000000080000000, 0x0000000100000000)
  region size 1024K, 8 young (8192K), 8 survivors (8192K)
 Metaspace       used 83191K, committed 84224K, reserved 557056K
  class space    used 11692K, committed 12160K, reserved 425984K
}
Event: 37.551 GC heap before
{Heap before GC invocations=30 (full 0):
 garbage-first heap   total 192512K, used 122181K [0x0000000080000000, 0x0000000100000000)
  region size 1024K, 9 young (9216K), 8 survivors (8192K)
 Metaspace       used 83198K, committed 84224K, reserved 557056K
  class space    used 11693K, committed 12160K, reserved 425984K
}
Event: 37.564 GC heap after
{Heap after GC invocations=31 (full 0):
 garbage-first heap   total 192512K, used 123039K [0x0000000080000000, 0x0000000100000000)
  region size 1024K, 2 young (2048K), 2 survivors (2048K)
 Metaspace       used 83198K, committed 84224K, reserved 557056K
  class space    used 11693K, committed 12160K, reserved 425984K
}
Event: 38.574 GC heap before
{Heap before GC invocations=31 (full 0):
 garbage-first heap   total 192512K, used 152735K [0x0000000080000000, 0x0000000100000000)
  region size 1024K, 31 young (31744K), 2 survivors (2048K)
 Metaspace       used 83683K, committed 84800K, reserved 557056K
  class space    used 11733K, committed 12224K, reserved 425984K
}
Event: 38.584 GC heap after
{Heap after GC invocations=32 (full 0):
 garbage-first heap   total 192512K, used 129788K [0x0000000080000000, 0x0000000100000000)
  region size 1024K, 4 young (4096K), 4 survivors (4096K)
 Metaspace       used 83683K, committed 84800K, reserved 557056K
  class space    used 11733K, committed 12224K, reserved 425984K
}
Event: 39.221 GC heap before
{Heap before GC invocations=33 (full 0):
 garbage-first heap   total 237568K, used 157436K [0x0000000080000000, 0x0000000100000000)
  region size 1024K, 26 young (26624K), 4 survivors (4096K)
 Metaspace       used 83838K, committed 84928K, reserved 557056K
  class space    used 11737K, committed 12224K, reserved 425984K
}
Event: 39.232 GC heap after
{Heap after GC invocations=34 (full 0):
 garbage-first heap   total 237568K, used 140705K [0x0000000080000000, 0x0000000100000000)
  region size 1024K, 4 young (4096K), 4 survivors (4096K)
 Metaspace       used 83838K, committed 84928K, reserved 557056K
  class space    used 11737K, committed 12224K, reserved 425984K
}
Event: 39.400 GC heap before
{Heap before GC invocations=34 (full 0):
 garbage-first heap   total 237568K, used 146849K [0x0000000080000000, 0x0000000100000000)
  region size 1024K, 11 young (11264K), 4 survivors (4096K)
 Metaspace       used 84160K, committed 85248K, reserved 557056K
  class space    used 11789K, committed 12288K, reserved 425984K
}

