# JRE version: OpenJDK Runtime Environment Microsoft-9388408 (17.0.11+9) (build 17.0.11+9-LTS)
# Java VM: OpenJDK 64-Bit Server VM Microsoft-9388408 (17.0.11+9-LTS, mixed mode, sharing, tiered, compressed oops, compressed class ptrs, g1 gc, windows-amd64)
GC Precious Log:
 CPUs: 4 total, 4 available
 Memory: 16263M
 Large Page Support: Disabled
 NUMA Support: Disabled
 Compressed Oops: Enabled (32-bit)
 Heap Region Size: 1M
 Heap Min Capacity: 8M
 Heap Initial Capacity: 256M
 Heap Max Capacity: 2G
 Pre-touch: Disabled
 Parallel Workers: 4
 Concurrent Workers: 1
 Concurrent Refinement Workers: 4
 Periodic GC: Disabled
Heap:
 garbage-first heap   total 184320K, used 128000K [0x0000000080000000, 0x0000000100000000)
  region size 1024K, 4 young (4096K), 4 survivors (4096K)
 Metaspace       used 88673K, committed 89856K, reserved 557056K
  class space    used 12378K, committed 12928K, reserved 425984K
GC Heap History (20 events):
Event: 33.189 GC heap after
{Heap after GC invocations=28 (full 0):
 garbage-first heap   total 101376K, used 59356K [0x0000000080000000, 0x0000000100000000)
  region size 1024K, 4 young (4096K), 4 survivors (4096K)
 Metaspace       used 66265K, committed 66944K, reserved 491520K
  class space    used 9178K, committed 9472K, reserved 425984K
}
Event: 33.649 GC heap before
{Heap before GC invocations=29 (full 0):
 garbage-first heap   total 111616K, used 80860K [0x0000000080000000, 0x0000000100000000)
  region size 1024K, 26 young (26624K), 4 survivors (4096K)
 Metaspace       used 67434K, committed 68160K, reserved 491520K
  class space    used 9339K, committed 9664K, reserved 425984K
}
Event: 33.664 GC heap after
{Heap after GC invocations=30 (full 0):
 garbage-first heap   total 111616K, used 61557K [0x0000000080000000, 0x0000000100000000)
  region size 1024K, 3 young (3072K), 3 survivors (3072K)
 Metaspace       used 67434K, committed 68160K, reserved 491520K
  class space    used 9339K, committed 9664K, reserved 425984K
}
Event: 33.753 GC heap before
{Heap before GC invocations=30 (full 0):
 garbage-first heap   total 111616K, used 64629K [0x0000000080000000, 0x0000000100000000)
  region size 1024K, 5 young (5120K), 3 survivors (3072K)
 Metaspace       used 67510K, committed 68224K, reserved 491520K
  class space    used 9347K, committed 9664K, reserved 425984K
}
Event: 33.758 GC heap after
{Heap after GC invocations=31 (full 0):
 garbage-first heap   total 171008K, used 64393K [0x0000000080000000, 0x0000000100000000)
  region size 1024K, 1 young (1024K), 1 survivors (1024K)
 Metaspace       used 67510K, committed 68224K, reserved 491520K
  class space    used 9347K, committed 9664K, reserved 425984K
}
Event: 35.262 GC heap before
{Heap before GC invocations=31 (full 0):
 garbage-first heap   total 171008K, used 139145K [0x0000000080000000, 0x0000000100000000)
  region size 1024K, 66 young (67584K), 1 survivors (1024K)
 Metaspace       used 74311K, committed 75008K, reserved 491520K
  class space    used 10183K, committed 10496K, reserved 425984K
}
Event: 35.268 GC heap after
{Heap after GC invocations=32 (full 0):
 garbage-first heap   total 171008K, used 75016K [0x0000000080000000, 0x0000000100000000)
  region size 1024K, 9 young (9216K), 9 survivors (9216K)
 Metaspace       used 74311K, committed 75008K, reserved 491520K
  class space    used 10183K, committed 10496K, reserved 425984K
}
Event: 36.054 GC heap before
{Heap before GC invocations=32 (full 0):
 garbage-first heap   total 171008K, used 132360K [0x0000000080000000, 0x0000000100000000)
  region size 1024K, 65 young (66560K), 9 survivors (9216K)
 Metaspace       used 78373K, committed 79040K, reserved 557056K
  class space    used 10715K, committed 11008K, reserved 425984K
}
Event: 36.064 GC heap after
{Heap after GC invocations=33 (full 0):
 garbage-first heap   total 171008K, used 79537K [0x0000000080000000, 0x0000000100000000)
  region size 1024K, 4 young (4096K), 4 survivors (4096K)
 Metaspace       used 78373K, committed 79040K, reserved 557056K
  class space    used 10715K, committed 11008K, reserved 425984K
}
Event: 48.722 GC heap before
{Heap before GC invocations=33 (full 0):
 garbage-first heap   total 171008K, used 134833K [0x0000000080000000, 0x0000000100000000)
  region size 1024K, 58 young (59392K), 4 survivors (4096K)
 Metaspace       used 80702K, committed 81408K, reserved 557056K
  class space    used 11060K, committed 11392K, reserved 425984K
}
Event: 48.735 GC heap after
{Heap after GC invocations=34 (full 0):
 garbage-first heap   total 171008K, used 84656K [0x0000000080000000, 0x0000000100000000)
  region size 1024K, 8 young (8192K), 8 survivors (8192K)
 Metaspace       used 80702K, committed 81408K, reserved 557056K
  class space    used 11060K, committed 11392K, reserved 425984K
}
Event: 49.427 GC heap before
{Heap before GC invocations=34 (full 0):
 garbage-first heap   total 171008K, used 136880K [0x0000000080000000, 0x0000000100000000)
  region size 1024K, 59 young (60416K), 8 survivors (8192K)
 Metaspace       used 85016K, committed 85824K, reserved 557056K
  class space    used 11838K, committed 12224K, reserved 425984K
}
Event: 49.442 GC heap after
{Heap after GC invocations=35 (full 0):
 garbage-first heap   total 171008K, used 89511K [0x0000000080000000, 0x0000000100000000)
  region size 1024K, 5 young (5120K), 5 survivors (5120K)
 Metaspace       used 85016K, committed 85824K, reserved 557056K
  class space    used 11838K, committed 12224K, reserved 425984K
}
Event: 51.225 GC heap before
{Heap before GC invocations=35 (full 0):
 garbage-first heap   total 171008K, used 137639K [0x0000000080000000, 0x0000000100000000)
  region size 1024K, 52 young (53248K), 5 survivors (5120K)
 Metaspace       used 87027K, committed 88000K, reserved 557056K
  class space    used 12177K, committed 12608K, reserved 425984K
}
Event: 51.239 GC heap after
{Heap after GC invocations=36 (full 0):
 garbage-first heap   total 171008K, used 96601K [0x0000000080000000, 0x0000000100000000)
  region size 1024K, 7 young (7168K), 7 survivors (7168K)
 Metaspace       used 87027K, committed 88000K, reserved 557056K
  class space    used 12177K, committed 12608K, reserved 425984K
}
Event: 52.384 GC heap before
{Heap before GC invocations=37 (full 0):
 garbage-first heap   total 184320K, used 147801K [0x0000000080000000, 0x0000000100000000)
  region size 1024K, 47 young (48128K), 7 survivors (7168K)
 Metaspace       used 87993K, committed 89088K, reserved 557056K
  class space    used 12297K, committed 12800K, reserved 425984K
}
Event: 52.402 GC heap after
{Heap after GC invocations=38 (full 0):
 garbage-first heap   total 184320K, used 119734K [0x0000000080000000, 0x0000000100000000)
  region size 1024K, 6 young (6144K), 6 survivors (6144K)
 Metaspace       used 87993K, committed 89088K, reserved 557056K
  class space    used 12297K, committed 12800K, reserved 425984K
}
Event: 52.451 GC heap before
{Heap before GC invocations=38 (full 0):
 garbage-first heap   total 184320K, used 122806K [0x0000000080000000, 0x0000000100000000)
  region size 1024K, 9 young (9216K), 6 survivors (6144K)
 Metaspace       used 88022K, committed 89088K, reserved 557056K
  class space    used 12299K, committed 12800K, reserved 425984K
}
Event: 52.458 GC heap after
{Heap after GC invocations=39 (full 0):
 garbage-first heap   total 184320K, used 121767K [0x0000000080000000, 0x0000000100000000)
  region size 1024K, 2 young (2048K), 2 survivors (2048K)
 Metaspace       used 88022K, committed 89088K, reserved 557056K
  class space    used 12299K, committed 12800K, reserved 425984K
}
Event: 53.247 GC heap before
{Heap before GC invocations=39 (full 0):
 garbage-first heap   total 184320K, used 148391K [0x0000000080000000, 0x0000000100000000)
  region size 1024K, 29 young (29696K), 2 survivors (2048K)
 Metaspace       used 88673K, committed 89856K, reserved 557056K
  class space    used 12378K, committed 12928K, reserved 425984K
}

